<?xml version="1.0" encoding="UTF-8"?>
<testsuite name="GAgregar 2 cantidades de un producto / Agregar 3 cantidades de un producto" tests="1" skipped="0" failures="0" errors="0" timestamp="2024-09-03T19:43:27" hostname="ML-150021" time="34.066">
  <properties/>
  <testcase name="Agregar 2 cantridades de un producto" classname="GAgregar 2 cantidades de un producto / Agregar 3 cantidades de un producto" time="34.066"/>
  <system-out><![CDATA[]]></system-out>
  <system-err><![CDATA[sept. 03, 2024 2:43:28 P. M. org.openqa.selenium.remote.DesiredCapabilities chrome
INFORMACIÓN: Using `new ChromeOptions()` is preferred to `DesiredCapabilities.chrome()`
[Test worker] INFO net.serenitybdd.core.webdriver.driverproviders.ProvideNewDriver - Instantiating driver
[Test worker] INFO net.serenitybdd.core.webdriver.driverproviders.ProvideNewDriver - Driver capabilities: Capabilities {acceptInsecureCerts: false, browserName: chrome, chrome.switches: --start-maximized --disable..., goog:chromeOptions: {args: [--start-maximized, --disable-popup-blocking], extensions: []}, loggingPrefs: org.openqa.selenium.logging..., platform: ANY, version: }
Starting ChromeDriver 128.0.6613.84 (606aa55c7d687518d34b55accc5a71ea0bd28727-refs/branch-heads/6613@{#1335}) on port 51326
Only local connections are allowed.
Please see https://chromedriver.chromium.org/security-considerations for suggestions on keeping ChromeDriver safe.
ChromeDriver was started successfully on port 51326.
sept. 03, 2024 2:43:33 P. M. org.openqa.selenium.remote.ProtocolHandshake createSession
INFORMACIÓN: Detected dialect: W3C
sept. 03, 2024 2:44:01 P. M. org.openqa.selenium.os.OsProcess destroy
GRAVE: Unable to kill process Process[pid=22380, exitValue=1]
[Test worker] INFO net.thucydides.core.steps.ConsoleLoggingListener - 
        __    _____ _____ ____ _____   ____   _    ____  ____  _____ ____  
  _     \ \  |_   _| ____/ ___|_   _| |  _ \ / \  / ___|/ ___|| ____|  _ \ 
 (_)_____| |   | | |  _| \___ \ | |   | |_) / _ \ \___ \\___ \|  _| | | | |
  _|_____| |   | | | |___ ___) || |   |  __/ ___ \ ___) |___) | |___| |_| |
 (_)     | |   |_| |_____|____/ |_|   |_| /_/   \_\____/|____/|_____|____/ 
        /_/                                                                

TEST PASSED: Agregar 2 cantridades de un producto
----------------------------------------------------------------------------
]]></system-err>
</testsuite>
